<?xml version="1.0" encoding="UTF-8"?>
<testsuite name="com.example.springboot.SpringbootApplicationTests" tests="1" skipped="0" failures="0" errors="0" timestamp="2022-05-17T17:55:08" hostname="DESKTOP-QC64EP4" time="0.495">
  <properties/>
  <testcase name="contextLoads()" classname="com.example.springboot.SpringbootApplicationTests" time="0.495"/>
  <system-out><![CDATA[02:54:46.543 [Test worker] DEBUG org.springframework.test.context.BootstrapUtils - Instantiating CacheAwareContextLoaderDelegate from class [org.springframework.test.context.cache.DefaultCacheAwareContextLoaderDelegate]
02:54:46.582 [Test worker] DEBUG org.springframework.test.context.BootstrapUtils - Instantiating BootstrapContext using constructor [public org.springframework.test.context.support.DefaultBootstrapContext(java.lang.Class,org.springframework.test.context.CacheAwareContextLoaderDelegate)]
02:54:46.677 [Test worker] DEBUG org.springframework.test.context.BootstrapUtils - Instantiating TestContextBootstrapper for test class [com.example.springboot.SpringbootApplicationTests] from class [org.springframework.boot.test.context.SpringBootTestContextBootstrapper]
02:54:46.722 [Test worker] INFO org.springframework.boot.test.context.SpringBootTestContextBootstrapper - Neither @ContextConfiguration nor @ContextHierarchy found for test class [com.example.springboot.SpringbootApplicationTests], using SpringBootContextLoader
02:54:46.733 [Test worker] DEBUG org.springframework.test.context.support.AbstractContextLoader - Did not detect default resource location for test class [com.example.springboot.SpringbootApplicationTests]: class path resource [com/example/springboot/SpringbootApplicationTests-context.xml] does not exist
02:54:46.735 [Test worker] DEBUG org.springframework.test.context.support.AbstractContextLoader - Did not detect default resource location for test class [com.example.springboot.SpringbootApplicationTests]: class path resource [com/example/springboot/SpringbootApplicationTestsContext.groovy] does not exist
02:54:46.736 [Test worker] INFO org.springframework.test.context.support.AbstractContextLoader - Could not detect default resource locations for test class [com.example.springboot.SpringbootApplicationTests]: no resource found for suffixes {-context.xml, Context.groovy}.
02:54:46.738 [Test worker] INFO org.springframework.test.context.support.AnnotationConfigContextLoaderUtils - Could not detect default configuration classes for test class [com.example.springboot.SpringbootApplicationTests]: SpringbootApplicationTests does not declare any static, non-private, non-final, nested classes annotated with @Configuration.
02:54:46.873 [Test worker] DEBUG org.springframework.test.context.support.ActiveProfilesUtils - Could not find an 'annotation declaring class' for annotation type [org.springframework.test.context.ActiveProfiles] and class [com.example.springboot.SpringbootApplicationTests]
02:54:47.054 [Test worker] DEBUG org.springframework.context.annotation.ClassPathScanningCandidateComponentProvider - Identified candidate component class: file [C:\Users\ChoiHyoungJun\Desktop\growth_prediction\src\springboot\build\classes\java\main\com\example\springboot\SpringbootApplication.class]
02:54:47.058 [Test worker] INFO org.springframework.boot.test.context.SpringBootTestContextBootstrapper - Found @SpringBootConfiguration com.example.springboot.SpringbootApplication for test class com.example.springboot.SpringbootApplicationTests
02:54:47.361 [Test worker] DEBUG org.springframework.boot.test.context.SpringBootTestContextBootstrapper - @TestExecutionListeners is not present for class [com.example.springboot.SpringbootApplicationTests]: using defaults.
02:54:47.363 [Test worker] INFO org.springframework.boot.test.context.SpringBootTestContextBootstrapper - Loaded default TestExecutionListener class names from location [META-INF/spring.factories]: [org.springframework.boot.test.autoconfigure.restdocs.RestDocsTestExecutionListener, org.springframework.boot.test.autoconfigure.web.client.MockRestServiceServerResetTestExecutionListener, org.springframework.boot.test.autoconfigure.web.servlet.MockMvcPrintOnlyOnFailureTestExecutionListener, org.springframework.boot.test.autoconfigure.web.servlet.WebDriverTestExecutionListener, org.springframework.boot.test.autoconfigure.webservices.client.MockWebServiceServerTestExecutionListener, org.springframework.boot.test.mock.mockito.MockitoTestExecutionListener, org.springframework.boot.test.mock.mockito.ResetMocksTestExecutionListener, org.springframework.test.context.web.ServletTestExecutionListener, org.springframework.test.context.support.DirtiesContextBeforeModesTestExecutionListener, org.springframework.test.context.event.ApplicationEventsTestExecutionListener, org.springframework.test.context.support.DependencyInjectionTestExecutionListener, org.springframework.test.context.support.DirtiesContextTestExecutionListener, org.springframework.test.context.transaction.TransactionalTestExecutionListener, org.springframework.test.context.jdbc.SqlScriptsTestExecutionListener, org.springframework.test.context.event.EventPublishingTestExecutionListener]
02:54:47.427 [Test worker] INFO org.springframework.boot.test.context.SpringBootTestContextBootstrapper - Using TestExecutionListeners: [org.springframework.test.context.web.ServletTestExecutionListener@4593ff34, org.springframework.test.context.support.DirtiesContextBeforeModesTestExecutionListener@37d3d232, org.springframework.test.context.event.ApplicationEventsTestExecutionListener@30c0ccff, org.springframework.boot.test.mock.mockito.MockitoTestExecutionListener@581d969c, org.springframework.boot.test.autoconfigure.SpringBootDependencyInjectionTestExecutionListener@22db8f4, org.springframework.test.context.support.DirtiesContextTestExecutionListener@2b46a8c1, org.springframework.test.context.transaction.TransactionalTestExecutionListener@1d572e62, org.springframework.test.context.jdbc.SqlScriptsTestExecutionListener@29caf222, org.springframework.test.context.event.EventPublishingTestExecutionListener@46cf05f7, org.springframework.boot.test.autoconfigure.restdocs.RestDocsTestExecutionListener@5851bd4f, org.springframework.boot.test.autoconfigure.web.client.MockRestServiceServerResetTestExecutionListener@7cd1ac19, org.springframework.boot.test.autoconfigure.web.servlet.MockMvcPrintOnlyOnFailureTestExecutionListener@2f40a43, org.springframework.boot.test.autoconfigure.web.servlet.WebDriverTestExecutionListener@3caa4757, org.springframework.boot.test.autoconfigure.webservices.client.MockWebServiceServerTestExecutionListener@69c43e48, org.springframework.boot.test.mock.mockito.ResetMocksTestExecutionListener@1804f60d]
02:54:47.453 [Test worker] DEBUG org.springframework.test.context.support.AbstractDirtiesContextTestExecutionListener - Before test class: context [DefaultTestContext@1cfd1875 testClass = SpringbootApplicationTests, testInstance = [null], testMethod = [null], testException = [null], mergedContextConfiguration = [WebMergedContextConfiguration@28c0b664 testClass = SpringbootApplicationTests, locations = '{}', classes = '{class com.example.springboot.SpringbootApplication}', contextInitializerClasses = '[]', activeProfiles = '{}', propertySourceLocations = '{}', propertySourceProperties = '{org.springframework.boot.test.context.SpringBootTestContextBootstrapper=true}', contextCustomizers = set[org.springframework.boot.test.autoconfigure.actuate.metrics.MetricsExportContextCustomizerFactory$DisableMetricExportContextCustomizer@72758afa, org.springframework.boot.test.autoconfigure.properties.PropertyMappingContextCustomizer@0, org.springframework.boot.test.autoconfigure.web.servlet.WebDriverContextCustomizerFactory$Customizer@207b8649, org.springframework.boot.test.context.filter.ExcludeFilterContextCustomizer@53d1b9b3, org.springframework.boot.test.json.DuplicateJsonObjectContextCustomizerFactory$DuplicateJsonObjectContextCustomizer@7c209437, org.springframework.boot.test.mock.mockito.MockitoContextCustomizer@0, org.springframework.boot.test.web.client.TestRestTemplateContextCustomizer@1f2f9244, org.springframework.boot.test.context.SpringBootTestArgs@1, org.springframework.boot.test.context.SpringBootTestWebEnvironment@64ec96c6], resourceBasePath = 'src/main/webapp', contextLoader = 'org.springframework.boot.test.context.SpringBootContextLoader', parent = [null]], attributes = map['org.springframework.test.context.web.ServletTestExecutionListener.activateListener' -> true]], class annotated with @DirtiesContext [false] with mode [null].

  .   ____          _            __ _ _
 /\\ / ___'_ __ _ _(_)_ __  __ _ \ \ \ \
( ( )\___ | '_ | '_| | '_ \/ _` | \ \ \ \
 \\/  ___)| |_)| | | | | || (_| |  ) ) ) )
  '  |____| .__|_| |_|_| |_\__, | / / / /
 =========|_|==============|___/=/_/_/_/
 :: Spring Boot ::                (v2.6.7)

2022-05-18 02:54:48.814  INFO 2244 --- [    Test worker] c.e.s.SpringbootApplicationTests         : Starting SpringbootApplicationTests using Java 11.0.13 on DESKTOP-QC64EP4 with PID 2244 (started by ChoiHyoungJun in C:\Users\ChoiHyoungJun\Desktop\growth_prediction\src\springboot)
2022-05-18 02:54:48.818  INFO 2244 --- [    Test worker] c.e.s.SpringbootApplicationTests         : No active profile set, falling back to 1 default profile: "default"
2022-05-18 02:54:52.099  INFO 2244 --- [    Test worker] .s.d.r.c.RepositoryConfigurationDelegate : Bootstrapping Spring Data JPA repositories in DEFAULT mode.
2022-05-18 02:54:52.257  INFO 2244 --- [    Test worker] .s.d.r.c.RepositoryConfigurationDelegate : Finished Spring Data repository scanning in 135 ms. Found 1 JPA repository interfaces.
2022-05-18 02:54:54.236  INFO 2244 --- [    Test worker] o.hibernate.jpa.internal.util.LogHelper  : HHH000204: Processing PersistenceUnitInfo [name: default]
2022-05-18 02:54:54.410  INFO 2244 --- [    Test worker] org.hibernate.Version                    : HHH000412: Hibernate ORM core version 5.6.8.Final
2022-05-18 02:54:55.269  INFO 2244 --- [    Test worker] o.hibernate.annotations.common.Version   : HCANN000001: Hibernate Commons Annotations {5.1.2.Final}
2022-05-18 02:54:55.665  INFO 2244 --- [    Test worker] com.zaxxer.hikari.HikariDataSource       : HikariPool-1 - Starting...
2022-05-18 02:54:56.175  INFO 2244 --- [    Test worker] com.zaxxer.hikari.HikariDataSource       : HikariPool-1 - Start completed.
2022-05-18 02:54:56.283  INFO 2244 --- [    Test worker] org.hibernate.dialect.Dialect            : HHH000400: Using dialect: org.hibernate.dialect.MySQL8Dialect
2022-05-18 02:55:00.120  INFO 2244 --- [    Test worker] o.h.e.t.j.p.i.JtaPlatformInitiator       : HHH000490: Using JtaPlatform implementation: [org.hibernate.engine.transaction.jta.platform.internal.NoJtaPlatform]
2022-05-18 02:55:00.160  INFO 2244 --- [    Test worker] j.LocalContainerEntityManagerFactoryBean : Initialized JPA EntityManagerFactory for persistence unit 'default'
2022-05-18 02:55:00.566  WARN 2244 --- [    Test worker] JpaBaseConfiguration$JpaWebConfiguration : spring.jpa.open-in-view is enabled by default. Therefore, database queries may be performed during view rendering. Explicitly configure spring.jpa.open-in-view to disable this warning
2022-05-18 02:55:04.076  INFO 2244 --- [    Test worker] o.s.b.a.w.s.WelcomePageHandlerMapping    : Adding welcome page template: index
2022-05-18 02:55:04.911  INFO 2244 --- [    Test worker] o.s.s.web.DefaultSecurityFilterChain     : Will secure any request with [org.springframework.security.web.context.request.async.WebAsyncManagerIntegrationFilter@15a591d9, org.springframework.security.web.context.SecurityContextPersistenceFilter@6693818c, org.springframework.security.web.header.HeaderWriterFilter@6eae3730, org.springframework.web.filter.CorsFilter@5812935, org.springframework.security.web.authentication.logout.LogoutFilter@458704ee, org.springframework.security.web.authentication.UsernamePasswordAuthenticationFilter@7205a8b7, org.springframework.security.web.savedrequest.RequestCacheAwareFilter@a1e578f, org.springframework.security.web.servletapi.SecurityContextHolderAwareRequestFilter@5ee95d42, org.springframework.security.web.authentication.AnonymousAuthenticationFilter@71e9640, org.springframework.security.web.session.SessionManagementFilter@65f36591, org.springframework.security.web.access.ExceptionTranslationFilter@7e69bf78, org.springframework.security.web.access.intercept.FilterSecurityInterceptor@1f7949dc]
2022-05-18 02:55:06.737  WARN 2244 --- [    Test worker] org.thymeleaf.templatemode.TemplateMode  : [THYMELEAF][Test worker] Unknown Template Mode 'jsp'. Must be one of: 'HTML', 'XML', 'TEXT', 'JAVASCRIPT', 'CSS', 'RAW'. Using default Template Mode 'HTML'.
2022-05-18 02:55:08.248  INFO 2244 --- [    Test worker] c.e.s.SpringbootApplicationTests         : Started SpringbootApplicationTests in 20.668 seconds (JVM running for 27.353)
]]></system-out>
  <system-err><![CDATA[]]></system-err>
</testsuite>
