<?xml version="1.0" encoding="UTF-8"?>
<testsuite name="com.example.springboot.SpringbootApplicationTests" tests="1" skipped="0" failures="0" errors="0" timestamp="2022-05-26T05:54:40" hostname="DESKTOP-QC64EP4" time="0.373">
  <properties/>
  <testcase name="contextLoads()" classname="com.example.springboot.SpringbootApplicationTests" time="0.373"/>
  <system-out><![CDATA[14:54:16.862 [Test worker] DEBUG org.springframework.test.context.BootstrapUtils - Instantiating CacheAwareContextLoaderDelegate from class [org.springframework.test.context.cache.DefaultCacheAwareContextLoaderDelegate]
14:54:16.907 [Test worker] DEBUG org.springframework.test.context.BootstrapUtils - Instantiating BootstrapContext using constructor [public org.springframework.test.context.support.DefaultBootstrapContext(java.lang.Class,org.springframework.test.context.CacheAwareContextLoaderDelegate)]
14:54:17.065 [Test worker] DEBUG org.springframework.test.context.BootstrapUtils - Instantiating TestContextBootstrapper for test class [com.example.springboot.SpringbootApplicationTests] from class [org.springframework.boot.test.context.SpringBootTestContextBootstrapper]
14:54:17.131 [Test worker] INFO org.springframework.boot.test.context.SpringBootTestContextBootstrapper - Neither @ContextConfiguration nor @ContextHierarchy found for test class [com.example.springboot.SpringbootApplicationTests], using SpringBootContextLoader
14:54:17.155 [Test worker] DEBUG org.springframework.test.context.support.AbstractContextLoader - Did not detect default resource location for test class [com.example.springboot.SpringbootApplicationTests]: class path resource [com/example/springboot/SpringbootApplicationTests-context.xml] does not exist
14:54:17.158 [Test worker] DEBUG org.springframework.test.context.support.AbstractContextLoader - Did not detect default resource location for test class [com.example.springboot.SpringbootApplicationTests]: class path resource [com/example/springboot/SpringbootApplicationTestsContext.groovy] does not exist
14:54:17.159 [Test worker] INFO org.springframework.test.context.support.AbstractContextLoader - Could not detect default resource locations for test class [com.example.springboot.SpringbootApplicationTests]: no resource found for suffixes {-context.xml, Context.groovy}.
14:54:17.161 [Test worker] INFO org.springframework.test.context.support.AnnotationConfigContextLoaderUtils - Could not detect default configuration classes for test class [com.example.springboot.SpringbootApplicationTests]: SpringbootApplicationTests does not declare any static, non-private, non-final, nested classes annotated with @Configuration.
14:54:17.351 [Test worker] DEBUG org.springframework.test.context.support.ActiveProfilesUtils - Could not find an 'annotation declaring class' for annotation type [org.springframework.test.context.ActiveProfiles] and class [com.example.springboot.SpringbootApplicationTests]
14:54:17.630 [Test worker] DEBUG org.springframework.context.annotation.ClassPathScanningCandidateComponentProvider - Identified candidate component class: file [C:\Users\ChoiHyoungJun\Desktop\growth_prediction\src\springboot\build\classes\java\main\com\example\springboot\SpringbootApplication.class]
14:54:17.635 [Test worker] INFO org.springframework.boot.test.context.SpringBootTestContextBootstrapper - Found @SpringBootConfiguration com.example.springboot.SpringbootApplication for test class com.example.springboot.SpringbootApplicationTests
14:54:18.153 [Test worker] DEBUG org.springframework.boot.test.context.SpringBootTestContextBootstrapper - @TestExecutionListeners is not present for class [com.example.springboot.SpringbootApplicationTests]: using defaults.
14:54:18.155 [Test worker] INFO org.springframework.boot.test.context.SpringBootTestContextBootstrapper - Loaded default TestExecutionListener class names from location [META-INF/spring.factories]: [org.springframework.boot.test.autoconfigure.restdocs.RestDocsTestExecutionListener, org.springframework.boot.test.autoconfigure.web.client.MockRestServiceServerResetTestExecutionListener, org.springframework.boot.test.autoconfigure.web.servlet.MockMvcPrintOnlyOnFailureTestExecutionListener, org.springframework.boot.test.autoconfigure.web.servlet.WebDriverTestExecutionListener, org.springframework.boot.test.autoconfigure.webservices.client.MockWebServiceServerTestExecutionListener, org.springframework.boot.test.mock.mockito.MockitoTestExecutionListener, org.springframework.boot.test.mock.mockito.ResetMocksTestExecutionListener, org.springframework.test.context.web.ServletTestExecutionListener, org.springframework.test.context.support.DirtiesContextBeforeModesTestExecutionListener, org.springframework.test.context.event.ApplicationEventsTestExecutionListener, org.springframework.test.context.support.DependencyInjectionTestExecutionListener, org.springframework.test.context.support.DirtiesContextTestExecutionListener, org.springframework.test.context.transaction.TransactionalTestExecutionListener, org.springframework.test.context.jdbc.SqlScriptsTestExecutionListener, org.springframework.test.context.event.EventPublishingTestExecutionListener]
14:54:18.209 [Test worker] INFO org.springframework.boot.test.context.SpringBootTestContextBootstrapper - Using TestExecutionListeners: [org.springframework.test.context.web.ServletTestExecutionListener@6ebd78d1, org.springframework.test.context.support.DirtiesContextBeforeModesTestExecutionListener@436390f4, org.springframework.test.context.event.ApplicationEventsTestExecutionListener@4d157787, org.springframework.boot.test.mock.mockito.MockitoTestExecutionListener@68ed96ca, org.springframework.boot.test.autoconfigure.SpringBootDependencyInjectionTestExecutionListener@6d1310f6, org.springframework.test.context.support.DirtiesContextTestExecutionListener@3228d990, org.springframework.test.context.transaction.TransactionalTestExecutionListener@54e7391d, org.springframework.test.context.jdbc.SqlScriptsTestExecutionListener@50b8ae8d, org.springframework.test.context.event.EventPublishingTestExecutionListener@255990cc, org.springframework.boot.test.autoconfigure.restdocs.RestDocsTestExecutionListener@51c929ae, org.springframework.boot.test.autoconfigure.web.client.MockRestServiceServerResetTestExecutionListener@3c8bdd5b, org.springframework.boot.test.autoconfigure.web.servlet.MockMvcPrintOnlyOnFailureTestExecutionListener@29d2d081, org.springframework.boot.test.autoconfigure.web.servlet.WebDriverTestExecutionListener@40e4ea87, org.springframework.boot.test.autoconfigure.webservices.client.MockWebServiceServerTestExecutionListener@58783f6c, org.springframework.boot.test.mock.mockito.ResetMocksTestExecutionListener@3a7b503d]
14:54:18.228 [Test worker] DEBUG org.springframework.test.context.support.AbstractDirtiesContextTestExecutionListener - Before test class: context [DefaultTestContext@24855019 testClass = SpringbootApplicationTests, testInstance = [null], testMethod = [null], testException = [null], mergedContextConfiguration = [WebMergedContextConfiguration@3abd581e testClass = SpringbootApplicationTests, locations = '{}', classes = '{class com.example.springboot.SpringbootApplication}', contextInitializerClasses = '[]', activeProfiles = '{}', propertySourceLocations = '{}', propertySourceProperties = '{org.springframework.boot.test.context.SpringBootTestContextBootstrapper=true}', contextCustomizers = set[org.springframework.boot.test.autoconfigure.actuate.metrics.MetricsExportContextCustomizerFactory$DisableMetricExportContextCustomizer@163d04ff, org.springframework.boot.test.autoconfigure.properties.PropertyMappingContextCustomizer@0, org.springframework.boot.test.autoconfigure.web.servlet.WebDriverContextCustomizerFactory$Customizer@5af3a0f, org.springframework.boot.test.context.filter.ExcludeFilterContextCustomizer@72cf2de5, org.springframework.boot.test.json.DuplicateJsonObjectContextCustomizerFactory$DuplicateJsonObjectContextCustomizer@4ee37ca3, org.springframework.boot.test.mock.mockito.MockitoContextCustomizer@0, org.springframework.boot.test.web.client.TestRestTemplateContextCustomizer@662f5666, org.springframework.boot.test.context.SpringBootTestArgs@1, org.springframework.boot.test.context.SpringBootTestWebEnvironment@15a04efb], resourceBasePath = 'src/main/webapp', contextLoader = 'org.springframework.boot.test.context.SpringBootContextLoader', parent = [null]], attributes = map['org.springframework.test.context.web.ServletTestExecutionListener.activateListener' -> true]], class annotated with @DirtiesContext [false] with mode [null].

  .   ____          _            __ _ _
 /\\ / ___'_ __ _ _(_)_ __  __ _ \ \ \ \
( ( )\___ | '_ | '_| | '_ \/ _` | \ \ \ \
 \\/  ___)| |_)| | | | | || (_| |  ) ) ) )
  '  |____| .__|_| |_|_| |_\__, | / / / /
 =========|_|==============|___/=/_/_/_/
 :: Spring Boot ::                (v2.6.7)

2022-05-26 14:54:19.276  INFO 9360 --- [    Test worker] c.e.s.SpringbootApplicationTests         : Starting SpringbootApplicationTests using Java 11.0.13 on DESKTOP-QC64EP4 with PID 9360 (started by ChoiHyoungJun in C:\Users\ChoiHyoungJun\Desktop\growth_prediction\src\springboot)
2022-05-26 14:54:19.280  INFO 9360 --- [    Test worker] c.e.s.SpringbootApplicationTests         : No active profile set, falling back to 1 default profile: "default"
2022-05-26 14:54:22.450  INFO 9360 --- [    Test worker] .s.d.r.c.RepositoryConfigurationDelegate : Bootstrapping Spring Data JPA repositories in DEFAULT mode.
2022-05-26 14:54:22.770  INFO 9360 --- [    Test worker] .s.d.r.c.RepositoryConfigurationDelegate : Finished Spring Data repository scanning in 278 ms. Found 6 JPA repository interfaces.
2022-05-26 14:54:25.090  INFO 9360 --- [    Test worker] o.hibernate.jpa.internal.util.LogHelper  : HHH000204: Processing PersistenceUnitInfo [name: default]
2022-05-26 14:54:25.352  INFO 9360 --- [    Test worker] org.hibernate.Version                    : HHH000412: Hibernate ORM core version 5.6.8.Final
2022-05-26 14:54:26.232  INFO 9360 --- [    Test worker] o.hibernate.annotations.common.Version   : HCANN000001: Hibernate Commons Annotations {5.1.2.Final}
2022-05-26 14:54:26.883  INFO 9360 --- [    Test worker] com.zaxxer.hikari.HikariDataSource       : HikariPool-1 - Starting...
2022-05-26 14:54:27.823  INFO 9360 --- [    Test worker] com.zaxxer.hikari.HikariDataSource       : HikariPool-1 - Start completed.
2022-05-26 14:54:28.023  INFO 9360 --- [    Test worker] org.hibernate.dialect.Dialect            : HHH000400: Using dialect: org.hibernate.dialect.MySQL8Dialect
2022-05-26 14:54:30.682  INFO 9360 --- [    Test worker] o.h.e.t.j.p.i.JtaPlatformInitiator       : HHH000490: Using JtaPlatform implementation: [org.hibernate.engine.transaction.jta.platform.internal.NoJtaPlatform]
2022-05-26 14:54:30.719  INFO 9360 --- [    Test worker] j.LocalContainerEntityManagerFactoryBean : Initialized JPA EntityManagerFactory for persistence unit 'default'
2022-05-26 14:54:31.106  WARN 9360 --- [    Test worker] JpaBaseConfiguration$JpaWebConfiguration : spring.jpa.open-in-view is enabled by default. Therefore, database queries may be performed during view rendering. Explicitly configure spring.jpa.open-in-view to disable this warning
2022-05-26 14:54:35.594  INFO 9360 --- [    Test worker] o.s.b.a.w.s.WelcomePageHandlerMapping    : Adding welcome page template: index
2022-05-26 14:54:36.747  INFO 9360 --- [    Test worker] o.s.s.web.DefaultSecurityFilterChain     : Will secure any request with [org.springframework.security.web.context.request.async.WebAsyncManagerIntegrationFilter@6e5df971, org.springframework.security.web.context.SecurityContextPersistenceFilter@5c1ea00, org.springframework.security.web.header.HeaderWriterFilter@7a491a60, org.springframework.web.filter.CorsFilter@3c7787a7, org.springframework.security.web.authentication.logout.LogoutFilter@7bdddfa4, org.springframework.security.web.authentication.UsernamePasswordAuthenticationFilter@6939f18a, org.springframework.security.web.savedrequest.RequestCacheAwareFilter@c555e1e, org.springframework.security.web.servletapi.SecurityContextHolderAwareRequestFilter@43c20142, org.springframework.security.web.authentication.AnonymousAuthenticationFilter@2ca464bb, org.springframework.security.web.session.SessionManagementFilter@7827cdfc, org.springframework.security.web.access.ExceptionTranslationFilter@727de450, org.springframework.security.web.access.intercept.FilterSecurityInterceptor@2b569858]
2022-05-26 14:54:38.631  WARN 9360 --- [    Test worker] org.thymeleaf.templatemode.TemplateMode  : [THYMELEAF][Test worker] Unknown Template Mode 'jsp'. Must be one of: 'HTML', 'XML', 'TEXT', 'JAVASCRIPT', 'CSS', 'RAW'. Using default Template Mode 'HTML'.
2022-05-26 14:54:40.066  INFO 9360 --- [    Test worker] c.e.s.SpringbootApplicationTests         : Started SpringbootApplicationTests in 21.736 seconds (JVM running for 29.006)
]]></system-out>
  <system-err><![CDATA[]]></system-err>
</testsuite>
