<?xml version="1.0" encoding="UTF-8"?>
<testsuite name="com.example.springboot.SpringbootApplicationTests" tests="1" skipped="0" failures="0" errors="0" timestamp="2022-05-21T03:36:09" hostname="DESKTOP-QC64EP4" time="0.499">
  <properties/>
  <testcase name="contextLoads()" classname="com.example.springboot.SpringbootApplicationTests" time="0.499"/>
  <system-out><![CDATA[12:35:47.229 [Test worker] DEBUG org.springframework.test.context.BootstrapUtils - Instantiating CacheAwareContextLoaderDelegate from class [org.springframework.test.context.cache.DefaultCacheAwareContextLoaderDelegate]
12:35:47.276 [Test worker] DEBUG org.springframework.test.context.BootstrapUtils - Instantiating BootstrapContext using constructor [public org.springframework.test.context.support.DefaultBootstrapContext(java.lang.Class,org.springframework.test.context.CacheAwareContextLoaderDelegate)]
12:35:47.396 [Test worker] DEBUG org.springframework.test.context.BootstrapUtils - Instantiating TestContextBootstrapper for test class [com.example.springboot.SpringbootApplicationTests] from class [org.springframework.boot.test.context.SpringBootTestContextBootstrapper]
12:35:47.443 [Test worker] INFO org.springframework.boot.test.context.SpringBootTestContextBootstrapper - Neither @ContextConfiguration nor @ContextHierarchy found for test class [com.example.springboot.SpringbootApplicationTests], using SpringBootContextLoader
12:35:47.458 [Test worker] DEBUG org.springframework.test.context.support.AbstractContextLoader - Did not detect default resource location for test class [com.example.springboot.SpringbootApplicationTests]: class path resource [com/example/springboot/SpringbootApplicationTests-context.xml] does not exist
12:35:47.461 [Test worker] DEBUG org.springframework.test.context.support.AbstractContextLoader - Did not detect default resource location for test class [com.example.springboot.SpringbootApplicationTests]: class path resource [com/example/springboot/SpringbootApplicationTestsContext.groovy] does not exist
12:35:47.462 [Test worker] INFO org.springframework.test.context.support.AbstractContextLoader - Could not detect default resource locations for test class [com.example.springboot.SpringbootApplicationTests]: no resource found for suffixes {-context.xml, Context.groovy}.
12:35:47.464 [Test worker] INFO org.springframework.test.context.support.AnnotationConfigContextLoaderUtils - Could not detect default configuration classes for test class [com.example.springboot.SpringbootApplicationTests]: SpringbootApplicationTests does not declare any static, non-private, non-final, nested classes annotated with @Configuration.
12:35:47.619 [Test worker] DEBUG org.springframework.test.context.support.ActiveProfilesUtils - Could not find an 'annotation declaring class' for annotation type [org.springframework.test.context.ActiveProfiles] and class [com.example.springboot.SpringbootApplicationTests]
12:35:47.817 [Test worker] DEBUG org.springframework.context.annotation.ClassPathScanningCandidateComponentProvider - Identified candidate component class: file [C:\Users\ChoiHyoungJun\Desktop\growth_prediction\src\springboot\build\classes\java\main\com\example\springboot\SpringbootApplication.class]
12:35:47.822 [Test worker] INFO org.springframework.boot.test.context.SpringBootTestContextBootstrapper - Found @SpringBootConfiguration com.example.springboot.SpringbootApplication for test class com.example.springboot.SpringbootApplicationTests
12:35:48.211 [Test worker] DEBUG org.springframework.boot.test.context.SpringBootTestContextBootstrapper - @TestExecutionListeners is not present for class [com.example.springboot.SpringbootApplicationTests]: using defaults.
12:35:48.213 [Test worker] INFO org.springframework.boot.test.context.SpringBootTestContextBootstrapper - Loaded default TestExecutionListener class names from location [META-INF/spring.factories]: [org.springframework.boot.test.autoconfigure.restdocs.RestDocsTestExecutionListener, org.springframework.boot.test.autoconfigure.web.client.MockRestServiceServerResetTestExecutionListener, org.springframework.boot.test.autoconfigure.web.servlet.MockMvcPrintOnlyOnFailureTestExecutionListener, org.springframework.boot.test.autoconfigure.web.servlet.WebDriverTestExecutionListener, org.springframework.boot.test.autoconfigure.webservices.client.MockWebServiceServerTestExecutionListener, org.springframework.boot.test.mock.mockito.MockitoTestExecutionListener, org.springframework.boot.test.mock.mockito.ResetMocksTestExecutionListener, org.springframework.test.context.web.ServletTestExecutionListener, org.springframework.test.context.support.DirtiesContextBeforeModesTestExecutionListener, org.springframework.test.context.event.ApplicationEventsTestExecutionListener, org.springframework.test.context.support.DependencyInjectionTestExecutionListener, org.springframework.test.context.support.DirtiesContextTestExecutionListener, org.springframework.test.context.transaction.TransactionalTestExecutionListener, org.springframework.test.context.jdbc.SqlScriptsTestExecutionListener, org.springframework.test.context.event.EventPublishingTestExecutionListener]
12:35:48.287 [Test worker] INFO org.springframework.boot.test.context.SpringBootTestContextBootstrapper - Using TestExecutionListeners: [org.springframework.test.context.web.ServletTestExecutionListener@30c0ccff, org.springframework.test.context.support.DirtiesContextBeforeModesTestExecutionListener@581d969c, org.springframework.test.context.event.ApplicationEventsTestExecutionListener@22db8f4, org.springframework.boot.test.mock.mockito.MockitoTestExecutionListener@2b46a8c1, org.springframework.boot.test.autoconfigure.SpringBootDependencyInjectionTestExecutionListener@1d572e62, org.springframework.test.context.support.DirtiesContextTestExecutionListener@29caf222, org.springframework.test.context.transaction.TransactionalTestExecutionListener@46cf05f7, org.springframework.test.context.jdbc.SqlScriptsTestExecutionListener@5851bd4f, org.springframework.test.context.event.EventPublishingTestExecutionListener@7cd1ac19, org.springframework.boot.test.autoconfigure.restdocs.RestDocsTestExecutionListener@2f40a43, org.springframework.boot.test.autoconfigure.web.client.MockRestServiceServerResetTestExecutionListener@3caa4757, org.springframework.boot.test.autoconfigure.web.servlet.MockMvcPrintOnlyOnFailureTestExecutionListener@69c43e48, org.springframework.boot.test.autoconfigure.web.servlet.WebDriverTestExecutionListener@1804f60d, org.springframework.boot.test.autoconfigure.webservices.client.MockWebServiceServerTestExecutionListener@3a80515c, org.springframework.boot.test.mock.mockito.ResetMocksTestExecutionListener@547e29a4]
12:35:48.302 [Test worker] DEBUG org.springframework.test.context.support.AbstractDirtiesContextTestExecutionListener - Before test class: context [DefaultTestContext@2c444798 testClass = SpringbootApplicationTests, testInstance = [null], testMethod = [null], testException = [null], mergedContextConfiguration = [WebMergedContextConfiguration@1af7f54a testClass = SpringbootApplicationTests, locations = '{}', classes = '{class com.example.springboot.SpringbootApplication}', contextInitializerClasses = '[]', activeProfiles = '{}', propertySourceLocations = '{}', propertySourceProperties = '{org.springframework.boot.test.context.SpringBootTestContextBootstrapper=true}', contextCustomizers = set[org.springframework.boot.test.autoconfigure.actuate.metrics.MetricsExportContextCustomizerFactory$DisableMetricExportContextCustomizer@4c398c80, org.springframework.boot.test.autoconfigure.properties.PropertyMappingContextCustomizer@0, org.springframework.boot.test.autoconfigure.web.servlet.WebDriverContextCustomizerFactory$Customizer@34997338, org.springframework.boot.test.context.filter.ExcludeFilterContextCustomizer@163d04ff, org.springframework.boot.test.json.DuplicateJsonObjectContextCustomizerFactory$DuplicateJsonObjectContextCustomizer@7e928e2f, org.springframework.boot.test.mock.mockito.MockitoContextCustomizer@0, org.springframework.boot.test.web.client.TestRestTemplateContextCustomizer@6821ea29, org.springframework.boot.test.context.SpringBootTestArgs@1, org.springframework.boot.test.context.SpringBootTestWebEnvironment@456d6c1e], resourceBasePath = 'src/main/webapp', contextLoader = 'org.springframework.boot.test.context.SpringBootContextLoader', parent = [null]], attributes = map['org.springframework.test.context.web.ServletTestExecutionListener.activateListener' -> true]], class annotated with @DirtiesContext [false] with mode [null].

  .   ____          _            __ _ _
 /\\ / ___'_ __ _ _(_)_ __  __ _ \ \ \ \
( ( )\___ | '_ | '_| | '_ \/ _` | \ \ \ \
 \\/  ___)| |_)| | | | | || (_| |  ) ) ) )
  '  |____| .__|_| |_|_| |_\__, | / / / /
 =========|_|==============|___/=/_/_/_/
 :: Spring Boot ::                (v2.6.7)

2022-05-21 12:35:49.619  INFO 7160 --- [    Test worker] c.e.s.SpringbootApplicationTests         : Starting SpringbootApplicationTests using Java 11.0.13 on DESKTOP-QC64EP4 with PID 7160 (started by ChoiHyoungJun in C:\Users\ChoiHyoungJun\Desktop\growth_prediction\src\springboot)
2022-05-21 12:35:49.627  INFO 7160 --- [    Test worker] c.e.s.SpringbootApplicationTests         : No active profile set, falling back to 1 default profile: "default"
2022-05-21 12:35:53.388  INFO 7160 --- [    Test worker] .s.d.r.c.RepositoryConfigurationDelegate : Bootstrapping Spring Data JPA repositories in DEFAULT mode.
2022-05-21 12:35:53.690  INFO 7160 --- [    Test worker] .s.d.r.c.RepositoryConfigurationDelegate : Finished Spring Data repository scanning in 259 ms. Found 5 JPA repository interfaces.
2022-05-21 12:35:56.255  INFO 7160 --- [    Test worker] o.hibernate.jpa.internal.util.LogHelper  : HHH000204: Processing PersistenceUnitInfo [name: default]
2022-05-21 12:35:56.540  INFO 7160 --- [    Test worker] org.hibernate.Version                    : HHH000412: Hibernate ORM core version 5.6.8.Final
2022-05-21 12:35:57.419  INFO 7160 --- [    Test worker] o.hibernate.annotations.common.Version   : HCANN000001: Hibernate Commons Annotations {5.1.2.Final}
2022-05-21 12:35:57.938  INFO 7160 --- [    Test worker] com.zaxxer.hikari.HikariDataSource       : HikariPool-1 - Starting...
2022-05-21 12:35:58.610  INFO 7160 --- [    Test worker] com.zaxxer.hikari.HikariDataSource       : HikariPool-1 - Start completed.
2022-05-21 12:35:58.759  INFO 7160 --- [    Test worker] org.hibernate.dialect.Dialect            : HHH000400: Using dialect: org.hibernate.dialect.MySQL8Dialect
2022-05-21 12:36:01.347  INFO 7160 --- [    Test worker] o.h.e.t.j.p.i.JtaPlatformInitiator       : HHH000490: Using JtaPlatform implementation: [org.hibernate.engine.transaction.jta.platform.internal.NoJtaPlatform]
2022-05-21 12:36:01.383  INFO 7160 --- [    Test worker] j.LocalContainerEntityManagerFactoryBean : Initialized JPA EntityManagerFactory for persistence unit 'default'
2022-05-21 12:36:01.657  WARN 7160 --- [    Test worker] JpaBaseConfiguration$JpaWebConfiguration : spring.jpa.open-in-view is enabled by default. Therefore, database queries may be performed during view rendering. Explicitly configure spring.jpa.open-in-view to disable this warning
2022-05-21 12:36:05.184  INFO 7160 --- [    Test worker] o.s.b.a.w.s.WelcomePageHandlerMapping    : Adding welcome page template: index
2022-05-21 12:36:06.576  INFO 7160 --- [    Test worker] o.s.s.web.DefaultSecurityFilterChain     : Will secure any request with [org.springframework.security.web.context.request.async.WebAsyncManagerIntegrationFilter@73dc7db0, org.springframework.security.web.context.SecurityContextPersistenceFilter@105cdf61, org.springframework.security.web.header.HeaderWriterFilter@5add7380, org.springframework.web.filter.CorsFilter@1a3a6216, org.springframework.security.web.authentication.logout.LogoutFilter@5570ee6d, org.springframework.security.web.authentication.UsernamePasswordAuthenticationFilter@e30a8ef, org.springframework.security.web.savedrequest.RequestCacheAwareFilter@7657d29f, org.springframework.security.web.servletapi.SecurityContextHolderAwareRequestFilter@67683210, org.springframework.security.web.authentication.AnonymousAuthenticationFilter@319ea996, org.springframework.security.web.session.SessionManagementFilter@75d0cac6, org.springframework.security.web.access.ExceptionTranslationFilter@6a4d57b7, org.springframework.security.web.access.intercept.FilterSecurityInterceptor@55a29589]
2022-05-21 12:36:08.180  WARN 7160 --- [    Test worker] org.thymeleaf.templatemode.TemplateMode  : [THYMELEAF][Test worker] Unknown Template Mode 'jsp'. Must be one of: 'HTML', 'XML', 'TEXT', 'JAVASCRIPT', 'CSS', 'RAW'. Using default Template Mode 'HTML'.
2022-05-21 12:36:09.595  INFO 7160 --- [    Test worker] c.e.s.SpringbootApplicationTests         : Started SpringbootApplicationTests in 21.143 seconds (JVM running for 28.72)
]]></system-out>
  <system-err><![CDATA[]]></system-err>
</testsuite>
