<?xml version="1.0" encoding="UTF-8"?>
<testsuite name="com.example.springboot.SpringbootApplicationTests" tests="1" skipped="0" failures="0" errors="0" timestamp="2022-05-14T06:22:35" hostname="DESKTOP-QC64EP4" time="1.005">
  <properties/>
  <testcase name="contextLoads()" classname="com.example.springboot.SpringbootApplicationTests" time="1.005"/>
  <system-out><![CDATA[15:22:24.952 [Test worker] DEBUG org.springframework.test.context.BootstrapUtils - Instantiating CacheAwareContextLoaderDelegate from class [org.springframework.test.context.cache.DefaultCacheAwareContextLoaderDelegate]
15:22:24.997 [Test worker] DEBUG org.springframework.test.context.BootstrapUtils - Instantiating BootstrapContext using constructor [public org.springframework.test.context.support.DefaultBootstrapContext(java.lang.Class,org.springframework.test.context.CacheAwareContextLoaderDelegate)]
15:22:25.114 [Test worker] DEBUG org.springframework.test.context.BootstrapUtils - Instantiating TestContextBootstrapper for test class [com.example.springboot.SpringbootApplicationTests] from class [org.springframework.boot.test.context.SpringBootTestContextBootstrapper]
15:22:25.155 [Test worker] INFO org.springframework.boot.test.context.SpringBootTestContextBootstrapper - Neither @ContextConfiguration nor @ContextHierarchy found for test class [com.example.springboot.SpringbootApplicationTests], using SpringBootContextLoader
15:22:25.169 [Test worker] DEBUG org.springframework.test.context.support.AbstractContextLoader - Did not detect default resource location for test class [com.example.springboot.SpringbootApplicationTests]: class path resource [com/example/springboot/SpringbootApplicationTests-context.xml] does not exist
15:22:25.171 [Test worker] DEBUG org.springframework.test.context.support.AbstractContextLoader - Did not detect default resource location for test class [com.example.springboot.SpringbootApplicationTests]: class path resource [com/example/springboot/SpringbootApplicationTestsContext.groovy] does not exist
15:22:25.172 [Test worker] INFO org.springframework.test.context.support.AbstractContextLoader - Could not detect default resource locations for test class [com.example.springboot.SpringbootApplicationTests]: no resource found for suffixes {-context.xml, Context.groovy}.
15:22:25.175 [Test worker] INFO org.springframework.test.context.support.AnnotationConfigContextLoaderUtils - Could not detect default configuration classes for test class [com.example.springboot.SpringbootApplicationTests]: SpringbootApplicationTests does not declare any static, non-private, non-final, nested classes annotated with @Configuration.
15:22:25.331 [Test worker] DEBUG org.springframework.test.context.support.ActiveProfilesUtils - Could not find an 'annotation declaring class' for annotation type [org.springframework.test.context.ActiveProfiles] and class [com.example.springboot.SpringbootApplicationTests]
15:22:25.495 [Test worker] DEBUG org.springframework.context.annotation.ClassPathScanningCandidateComponentProvider - Identified candidate component class: file [C:\Users\ChoiHyoungJun\Desktop\growth_prediction\src\springboot\build\classes\java\main\com\example\springboot\SpringbootApplication.class]
15:22:25.501 [Test worker] INFO org.springframework.boot.test.context.SpringBootTestContextBootstrapper - Found @SpringBootConfiguration com.example.springboot.SpringbootApplication for test class com.example.springboot.SpringbootApplicationTests
15:22:25.810 [Test worker] DEBUG org.springframework.boot.test.context.SpringBootTestContextBootstrapper - @TestExecutionListeners is not present for class [com.example.springboot.SpringbootApplicationTests]: using defaults.
15:22:25.811 [Test worker] INFO org.springframework.boot.test.context.SpringBootTestContextBootstrapper - Loaded default TestExecutionListener class names from location [META-INF/spring.factories]: [org.springframework.boot.test.autoconfigure.restdocs.RestDocsTestExecutionListener, org.springframework.boot.test.autoconfigure.web.client.MockRestServiceServerResetTestExecutionListener, org.springframework.boot.test.autoconfigure.web.servlet.MockMvcPrintOnlyOnFailureTestExecutionListener, org.springframework.boot.test.autoconfigure.web.servlet.WebDriverTestExecutionListener, org.springframework.boot.test.autoconfigure.webservices.client.MockWebServiceServerTestExecutionListener, org.springframework.boot.test.mock.mockito.MockitoTestExecutionListener, org.springframework.boot.test.mock.mockito.ResetMocksTestExecutionListener, org.springframework.test.context.web.ServletTestExecutionListener, org.springframework.test.context.support.DirtiesContextBeforeModesTestExecutionListener, org.springframework.test.context.event.ApplicationEventsTestExecutionListener, org.springframework.test.context.support.DependencyInjectionTestExecutionListener, org.springframework.test.context.support.DirtiesContextTestExecutionListener, org.springframework.test.context.transaction.TransactionalTestExecutionListener, org.springframework.test.context.jdbc.SqlScriptsTestExecutionListener, org.springframework.test.context.event.EventPublishingTestExecutionListener]
15:22:25.842 [Test worker] DEBUG org.springframework.boot.test.context.SpringBootTestContextBootstrapper - Skipping candidate TestExecutionListener [org.springframework.test.context.transaction.TransactionalTestExecutionListener] due to a missing dependency. Specify custom listener classes or make the default listener classes and their required dependencies available. Offending class: [org/springframework/transaction/interceptor/TransactionAttributeSource]
15:22:25.843 [Test worker] DEBUG org.springframework.boot.test.context.SpringBootTestContextBootstrapper - Skipping candidate TestExecutionListener [org.springframework.test.context.jdbc.SqlScriptsTestExecutionListener] due to a missing dependency. Specify custom listener classes or make the default listener classes and their required dependencies available. Offending class: [org/springframework/transaction/interceptor/TransactionAttribute]
15:22:25.844 [Test worker] INFO org.springframework.boot.test.context.SpringBootTestContextBootstrapper - Using TestExecutionListeners: [org.springframework.test.context.web.ServletTestExecutionListener@2db2cd5, org.springframework.test.context.support.DirtiesContextBeforeModesTestExecutionListener@70e659aa, org.springframework.test.context.event.ApplicationEventsTestExecutionListener@615f972, org.springframework.boot.test.mock.mockito.MockitoTestExecutionListener@285f09de, org.springframework.boot.test.autoconfigure.SpringBootDependencyInjectionTestExecutionListener@73393584, org.springframework.test.context.support.DirtiesContextTestExecutionListener@31500940, org.springframework.test.context.event.EventPublishingTestExecutionListener@1827a871, org.springframework.boot.test.autoconfigure.restdocs.RestDocsTestExecutionListener@48e64352, org.springframework.boot.test.autoconfigure.web.client.MockRestServiceServerResetTestExecutionListener@7249dadf, org.springframework.boot.test.autoconfigure.web.servlet.MockMvcPrintOnlyOnFailureTestExecutionListener@4362d7df, org.springframework.boot.test.autoconfigure.web.servlet.WebDriverTestExecutionListener@66238be2, org.springframework.boot.test.autoconfigure.webservices.client.MockWebServiceServerTestExecutionListener@1c25b8a7, org.springframework.boot.test.mock.mockito.ResetMocksTestExecutionListener@200606de]
15:22:25.854 [Test worker] DEBUG org.springframework.test.context.support.AbstractDirtiesContextTestExecutionListener - Before test class: context [DefaultTestContext@133e019b testClass = SpringbootApplicationTests, testInstance = [null], testMethod = [null], testException = [null], mergedContextConfiguration = [WebMergedContextConfiguration@41382722 testClass = SpringbootApplicationTests, locations = '{}', classes = '{class com.example.springboot.SpringbootApplication}', contextInitializerClasses = '[]', activeProfiles = '{}', propertySourceLocations = '{}', propertySourceProperties = '{org.springframework.boot.test.context.SpringBootTestContextBootstrapper=true}', contextCustomizers = set[org.springframework.boot.test.autoconfigure.actuate.metrics.MetricsExportContextCustomizerFactory$DisableMetricExportContextCustomizer@1c6804cd, org.springframework.boot.test.autoconfigure.properties.PropertyMappingContextCustomizer@0, org.springframework.boot.test.autoconfigure.web.servlet.WebDriverContextCustomizerFactory$Customizer@3dd1dc90, org.springframework.boot.test.context.filter.ExcludeFilterContextCustomizer@58fe0499, org.springframework.boot.test.json.DuplicateJsonObjectContextCustomizerFactory$DuplicateJsonObjectContextCustomizer@68b6f0d6, org.springframework.boot.test.mock.mockito.MockitoContextCustomizer@0, org.springframework.boot.test.web.client.TestRestTemplateContextCustomizer@75f65e45, org.springframework.boot.test.context.SpringBootTestArgs@1, org.springframework.boot.test.context.SpringBootTestWebEnvironment@34129c78], resourceBasePath = 'src/main/webapp', contextLoader = 'org.springframework.boot.test.context.SpringBootContextLoader', parent = [null]], attributes = map['org.springframework.test.context.web.ServletTestExecutionListener.activateListener' -> true]], class annotated with @DirtiesContext [false] with mode [null].

  .   ____          _            __ _ _
 /\\ / ___'_ __ _ _(_)_ __  __ _ \ \ \ \
( ( )\___ | '_ | '_| | '_ \/ _` | \ \ \ \
 \\/  ___)| |_)| | | | | || (_| |  ) ) ) )
  '  |____| .__|_| |_|_| |_\__, | / / / /
 =========|_|==============|___/=/_/_/_/
 :: Spring Boot ::                (v2.6.7)

2022-05-14 15:22:26.939  INFO 3640 --- [    Test worker] c.e.s.SpringbootApplicationTests         : Starting SpringbootApplicationTests using Java 11.0.13 on DESKTOP-QC64EP4 with PID 3640 (started by ChoiHyoungJun in C:\Users\ChoiHyoungJun\Desktop\growth_prediction\src\springboot)
2022-05-14 15:22:26.943  INFO 3640 --- [    Test worker] c.e.s.SpringbootApplicationTests         : No active profile set, falling back to 1 default profile: "default"
2022-05-14 15:22:32.547  INFO 3640 --- [    Test worker] o.s.b.a.w.s.WelcomePageHandlerMapping    : Adding welcome page template: index
2022-05-14 15:22:34.502  WARN 3640 --- [    Test worker] .s.s.UserDetailsServiceAutoConfiguration : 

Using generated security password: b9066f11-6c85-42ea-a5e9-6319e02a1db5

This generated password is for development use only. Your security configuration must be updated before running your application in production.

2022-05-14 15:22:35.444  INFO 3640 --- [    Test worker] o.s.s.web.DefaultSecurityFilterChain     : Will secure any request with [org.springframework.security.web.context.request.async.WebAsyncManagerIntegrationFilter@20b54cfe, org.springframework.security.web.context.SecurityContextPersistenceFilter@42107318, org.springframework.security.web.header.HeaderWriterFilter@1a7163e3, org.springframework.security.web.csrf.CsrfFilter@43e3a390, org.springframework.security.web.authentication.logout.LogoutFilter@4b4927e5, org.springframework.security.web.authentication.UsernamePasswordAuthenticationFilter@62b0bf85, org.springframework.security.web.authentication.ui.DefaultLoginPageGeneratingFilter@28367da7, org.springframework.security.web.authentication.ui.DefaultLogoutPageGeneratingFilter@2bdb5e0f, org.springframework.security.web.authentication.www.BasicAuthenticationFilter@1c2d63f0, org.springframework.security.web.savedrequest.RequestCacheAwareFilter@4416e18d, org.springframework.security.web.servletapi.SecurityContextHolderAwareRequestFilter@5dfc2a4, org.springframework.security.web.authentication.AnonymousAuthenticationFilter@5c9e8a67, org.springframework.security.web.session.SessionManagementFilter@3d512652, org.springframework.security.web.access.ExceptionTranslationFilter@790ac3e0, org.springframework.security.web.access.intercept.FilterSecurityInterceptor@3ea48c37]
2022-05-14 15:22:35.794  INFO 3640 --- [    Test worker] c.e.s.SpringbootApplicationTests         : Started SpringbootApplicationTests in 9.814 seconds (JVM running for 16.424)
]]></system-out>
  <system-err><![CDATA[]]></system-err>
</testsuite>
